#
# There is insufficient memory for the Java Runtime Environment to continue.
# Native memory allocation (mmap) failed to map 264241152 bytes for G1 virtual space
# Possible reasons:
#   The system is out of physical RAM or swap space
#   The process is running with CompressedOops enabled, and the Java Heap may be blocking the growth of the native heap
# Possible solutions:
#   Reduce memory load on the system
#   Increase physical memory or swap space
#   Check if swap backing store is full
#   Decrease Java heap size (-Xmx/-Xms)
#   Decrease number of Java threads
#   Decrease Java thread stack sizes (-Xss)
#   Set larger code cache with -XX:ReservedCodeCacheSize=
#   JVM is running with Zero Based Compressed Oops mode in which the Java heap is
#     placed in the first 32GB address space. The Java Heap base address is the
#     maximum limit for the native heap growth. Please use -XX:HeapBaseMinAddress
#     to set the Java Heap base and to place the Java Heap above 32GB virtual address.
# This output file may be truncated or incomplete.
#
#  Out of Memory Error (os_windows.cpp:3532), pid=16336, tid=18672
#
# JRE version:  (17.0.2+8) (build )
# Java VM: Java HotSpot(TM) 64-Bit Server VM (17.0.2+8-LTS-86, mixed mode, sharing, tiered, compressed oops, compressed class ptrs, g1 gc, windows-amd64)
# No core dump will be written. Minidumps are not enabled by default on client versions of Windows
#

---------------  S U M M A R Y ------------

Command Line: --module-path=C:\Users\hshao\.m2\repository\org\openjfx\javafx-base\19.0.2.1\javafx-base-19.0.2.1-win.jar;C:\Users\hshao\.m2\repository\org\openjfx\javafx-base\19.0.2.1\javafx-base-19.0.2.1.jar;C:\Users\hshao\.m2\repository\org\openjfx\javafx-controls\19.0.2.1\javafx-controls-19.0.2.1-win.jar;C:\Users\hshao\.m2\repository\org\openjfx\javafx-controls\19.0.2.1\javafx-controls-19.0.2.1.jar;C:\Users\hshao\.m2\repository\org\openjfx\javafx-fxml\19.0.2.1\javafx-fxml-19.0.2.1-win.jar;C:\Users\hshao\.m2\repository\org\openjfx\javafx-fxml\19.0.2.1\javafx-fxml-19.0.2.1.jar;C:\Users\hshao\.m2\repository\org\openjfx\javafx-graphics\19.0.2.1\javafx-graphics-19.0.2.1-win.jar;C:\Users\hshao\.m2\repository\org\openjfx\javafx-graphics\19.0.2.1\javafx-graphics-19.0.2.1.jar --add-modules=javafx.base,javafx.controls,javafx.fxml,javafx.graphics cn.edu.sustech.cs209.chatting.client.Main

Host: 11th Gen Intel(R) Core(TM) i7-11800H @ 2.30GHz, 16 cores, 15G,  Windows 10 , 64 bit Build 19041 (10.0.19041.2788)
Time: Tue Apr 25 21:07:45 2023  Windows 10 , 64 bit Build 19041 (10.0.19041.2788) elapsed time: 0.008139 seconds (0d 0h 0m 0s)

---------------  T H R E A D  ---------------

Current thread (0x000001d3518f9e80):  JavaThread "Unknown thread" [_thread_in_vm, id=18672, stack(0x000000a462100000,0x000000a462200000)]

Stack: [0x000000a462100000,0x000000a462200000]
Native frames: (J=compiled Java code, j=interpreted, Vv=VM code, C=native code)
V  [jvm.dll+0x670baa]
V  [jvm.dll+0x7cfcb4]
V  [jvm.dll+0x7d145e]
V  [jvm.dll+0x7d1ac3]
V  [jvm.dll+0x242bc5]
V  [jvm.dll+0x66dac9]
V  [jvm.dll+0x662412]
V  [jvm.dll+0x300c0b]
V  [jvm.dll+0x3081a6]
V  [jvm.dll+0x357d0e]
V  [jvm.dll+0x357f3f]
V  [jvm.dll+0x2d7ec8]
V  [jvm.dll+0x2d8e34]
V  [jvm.dll+0x7a18c1]
V  [jvm.dll+0x365a91]
V  [jvm.dll+0x780d2c]
V  [jvm.dll+0x3e845f]
V  [jvm.dll+0x3e9f01]
C  [jli.dll+0x527b]
C  [ucrtbase.dll+0x21bb2]
C  [KERNEL32.DLL+0x17604]
C  [ntdll.dll+0x526a1]


---------------  P R O C E S S  ---------------

Threads class SMR info:
_java_thread_list=0x00007ffd4e769858, length=0, elements={
}

Java Threads: ( => current thread )

Other Threads:
  0x000001d353b0fe10 GCTaskThread "GC Thread#0" [stack: 0x000000a462200000,0x000000a462300000] [id=8836]
  0x000001d353b21830 ConcurrentGCThread "G1 Main Marker" [stack: 0x000000a462300000,0x000000a462400000] [id=9116]
  0x000001d353b22150 ConcurrentGCThread "G1 Conc#0" [stack: 0x000000a462400000,0x000000a462500000] [id=16632]

[error occurred during error reporting (printing all threads), id 0xc0000005, EXCEPTION_ACCESS_VIOLATION (0xc0000005) at pc=0x00007ffd4dfb88a7]

VM state: not at safepoint (not fully initialized)

VM Mutex/Monitor currently owned by a thread:  ([mutex/lock_event])
[0x000001d353ac18a0] Heap_lock - owner thread: 0x000001d3518f9e80

Heap address: 0x0000000704400000, size: 4028 MB, Compressed Oops mode: Zero based, Oop shift amount: 3

CDS archive(s) mapped at: [0x0000000000000000-0x0000000000000000-0x0000000000000000), size 0, SharedBaseAddress: 0x0000000800000000, ArchiveRelocationMode: 0.
Narrow klass base: 0x0000000000000000, Narrow klass shift: 0, Narrow klass range: 0x0

GC Precious Log:
<Empty>

Heap:
 garbage-first heap   total 0K, used 0K [0x0000000704400000, 0x0000000800000000)
  region size 2048K, 0 young (0K), 0 survivors (0K)

[error occurred during error reporting (printing heap information), id 0xc0000005, EXCEPTION_ACCESS_VIOLATION (0xc0000005) at pc=0x00007ffd4e399f19]

GC Heap History (0 events):
No events

Deoptimization events (0 events):
No events

Classes unloaded (0 events):
No events

Classes redefined (0 events):
No events

Internal exceptions (0 events):
No events

VM Operations (0 events):
No events

Events (1 events):
Event: 0.005 Loaded shared library C:\Program Files\Java\jdk-17.0.2\bin\java.dll


Dynamic libraries:
0x00007ff6d1d70000 - 0x00007ff6d1d80000 	C:\Program Files\Java\jdk-17.0.2\bin\java.exe
0x00007ffde1c70000 - 0x00007ffde1e68000 	C:\Windows\SYSTEM32\ntdll.dll
0x00007ffde1af0000 - 0x00007ffde1baf000 	C:\Windows\System32\KERNEL32.DLL
0x00007ffddf7a0000 - 0x00007ffddfa7a000 	C:\Windows\System32\KERNELBASE.dll
0x00007ffddf5f0000 - 0x00007ffddf6f0000 	C:\Windows\System32\ucrtbase.dll
0x00007ffdd8390000 - 0x00007ffdd83a8000 	C:\Program Files\Java\jdk-17.0.2\bin\jli.dll
0x00007ffdd82f0000 - 0x00007ffdd830a000 	C:\Program Files\Java\jdk-17.0.2\bin\VCRUNTIME140.dll
0x00007ffddfdb0000 - 0x00007ffddfe5e000 	C:\Windows\System32\ADVAPI32.dll
0x00007ffde0fc0000 - 0x00007ffde105e000 	C:\Windows\System32\msvcrt.dll
0x00007ffde12c0000 - 0x00007ffde135c000 	C:\Windows\System32\sechost.dll
0x00007ffde0530000 - 0x00007ffde0656000 	C:\Windows\System32\RPCRT4.dll
0x00007ffddfe90000 - 0x00007ffde002d000 	C:\Windows\System32\USER32.dll
0x00007ffddf3f0000 - 0x00007ffddf412000 	C:\Windows\System32\win32u.dll
0x00007ffdc6b50000 - 0x00007ffdc6dea000 	C:\Windows\WinSxS\amd64_microsoft.windows.common-controls_6595b64144ccf1df_6.0.19041.1110_none_60b5254171f9507e\COMCTL32.dll
0x00007ffddfe60000 - 0x00007ffddfe8b000 	C:\Windows\System32\GDI32.dll
0x00007ffddf420000 - 0x00007ffddf530000 	C:\Windows\System32\gdi32full.dll
0x00007ffddfa80000 - 0x00007ffddfb1d000 	C:\Windows\System32\msvcp_win.dll
0x00007ffdd4890000 - 0x00007ffdd489a000 	C:\Windows\SYSTEM32\VERSION.dll
0x00007ffde1180000 - 0x00007ffde11b0000 	C:\Windows\System32\IMM32.DLL
0x00007ffdd8380000 - 0x00007ffdd838c000 	C:\Program Files\Java\jdk-17.0.2\bin\vcruntime140_1.dll
0x00007ffdae4b0000 - 0x00007ffdae53d000 	C:\Program Files\Java\jdk-17.0.2\bin\msvcp140.dll
0x00007ffd4dcd0000 - 0x00007ffd4e891000 	C:\Program Files\Java\jdk-17.0.2\bin\server\jvm.dll
0x00007ffde0520000 - 0x00007ffde0528000 	C:\Windows\System32\PSAPI.DLL
0x00007ffdc4fe0000 - 0x00007ffdc5007000 	C:\Windows\SYSTEM32\WINMM.dll
0x00007ffdb9100000 - 0x00007ffdb9109000 	C:\Windows\SYSTEM32\WSOCK32.dll
0x00007ffde0f50000 - 0x00007ffde0fbb000 	C:\Windows\System32\WS2_32.dll
0x00007ffdddbd0000 - 0x00007ffdddbe2000 	C:\Windows\SYSTEM32\kernel.appcore.dll
0x00007ffdd82e0000 - 0x00007ffdd82ea000 	C:\Program Files\Java\jdk-17.0.2\bin\jimage.dll
0x00007ffddd900000 - 0x00007ffdddae4000 	C:\Windows\SYSTEM32\DBGHELP.DLL
0x00007ffdd1c60000 - 0x00007ffdd1c94000 	C:\Windows\SYSTEM32\dbgcore.DLL
0x00007ffddf560000 - 0x00007ffddf5e2000 	C:\Windows\System32\bcryptPrimitives.dll
0x00007ffdd1d20000 - 0x00007ffdd1d45000 	C:\Program Files\Java\jdk-17.0.2\bin\java.dll

dbghelp: loaded successfully - version: 4.0.5 - missing functions: none
symbol engine: initialized successfully - sym options: 0x614 - pdb path: .;C:\Program Files\Java\jdk-17.0.2\bin;C:\Windows\SYSTEM32;C:\Windows\WinSxS\amd64_microsoft.windows.common-controls_6595b64144ccf1df_6.0.19041.1110_none_60b5254171f9507e;C:\Program Files\Java\jdk-17.0.2\bin\server

VM Arguments:
jvm_args: --module-path=C:\Users\hshao\.m2\repository\org\openjfx\javafx-base\19.0.2.1\javafx-base-19.0.2.1-win.jar;C:\Users\hshao\.m2\repository\org\openjfx\javafx-base\19.0.2.1\javafx-base-19.0.2.1.jar;C:\Users\hshao\.m2\repository\org\openjfx\javafx-controls\19.0.2.1\javafx-controls-19.0.2.1-win.jar;C:\Users\hshao\.m2\repository\org\openjfx\javafx-controls\19.0.2.1\javafx-controls-19.0.2.1.jar;C:\Users\hshao\.m2\repository\org\openjfx\javafx-fxml\19.0.2.1\javafx-fxml-19.0.2.1-win.jar;C:\Users\hshao\.m2\repository\org\openjfx\javafx-fxml\19.0.2.1\javafx-fxml-19.0.2.1.jar;C:\Users\hshao\.m2\repository\org\openjfx\javafx-graphics\19.0.2.1\javafx-graphics-19.0.2.1-win.jar;C:\Users\hshao\.m2\repository\org\openjfx\javafx-graphics\19.0.2.1\javafx-graphics-19.0.2.1.jar --add-modules=javafx.base,javafx.controls,javafx.fxml,javafx.graphics 
java_command: cn.edu.sustech.cs209.chatting.client.Main
java_class_path (initial): d:\Sources\2B\JAVA2\assign\Java2-A2\chatting\chatting-client\target\classes;C:\Users\hshao\.m2\repository\cn\edu\sustech\cs209\chatting\chatting-common\dev-SNAPSHOT\chatting-common-dev-SNAPSHOT.jar
Launcher Type: SUN_STANDARD

[Global flags]
     intx CICompilerCount                          = 12                                        {product} {ergonomic}
     uint ConcGCThreads                            = 3                                         {product} {ergonomic}
     uint G1ConcRefinementThreads                  = 13                                        {product} {ergonomic}
   size_t G1HeapRegionSize                         = 2097152                                   {product} {ergonomic}
    uintx GCDrainStackTargetSize                   = 64                                        {product} {ergonomic}
   size_t InitialHeapSize                          = 264241152                                 {product} {ergonomic}
   size_t MarkStackSize                            = 4194304                                   {product} {ergonomic}
   size_t MaxHeapSize                              = 4223664128                                {product} {ergonomic}
   size_t MinHeapDeltaBytes                        = 2097152                                   {product} {ergonomic}
   size_t MinHeapSize                              = 8388608                                   {product} {ergonomic}
    uintx NonNMethodCodeHeapSize                   = 7602480                                {pd product} {ergonomic}
    uintx NonProfiledCodeHeapSize                  = 122027880                              {pd product} {ergonomic}
    uintx ProfiledCodeHeapSize                     = 122027880                              {pd product} {ergonomic}
    uintx ReservedCodeCacheSize                    = 251658240                              {pd product} {ergonomic}
     bool SegmentedCodeCache                       = true                                      {product} {ergonomic}
   size_t SoftMaxHeapSize                          = 4223664128                             {manageable} {ergonomic}
     bool UseCompressedClassPointers               = true                           {product lp64_product} {ergonomic}
     bool UseCompressedOops                        = true                           {product lp64_product} {ergonomic}
     bool UseG1GC                                  = true                                      {product} {ergonomic}
     bool UseLargePagesIndividualAllocation        = false                                  {pd product} {ergonomic}

Logging:
Log output configuration:
 #0: stdout all=warning uptime,level,tags
 #1: stderr all=off uptime,level,tags

Environment Variables:
JAVA_HOME=C:\Program Files\Java\jdk-17.0.2
CLASSPATH=C:\Program Files\Java\jdk-17.0.2\lib;
PATH=C:\Program Files\Common Files\Oracle\Java\javapath;C:\Windows\system32;C:\Windows;C:\Windows\System32\Wbem;C:\Windows\System32\WindowsPowerShell\v1.0\;C:\Windows\System32\OpenSSH\;C:\Program Files (x86)\NVIDIA Corporation\PhysX\Common;C:\Program Files\NVIDIA Corporation\NVIDIA NvDLISR;C:\Program Files\Java\jdk-17.0.2\bin;C:\Program Files\dotnet\;C:\Program Files\Git\cmd;D:\Program File\Scripts\;D:\Program File\;C:\Users\hshao\AppData\Local\Microsoft\WindowsApps;D:\Program File\Microsoft VS Code\bin;D:\MinGW64\bin;D:\Program File\IntelliJ IDEA Community Edition 2021.2.3\bin;;D:\Program File\DataGrip 2022.3.3\bin;;D:\Program File\Maven\apache-maven-3.9.0\bin;D:\Program File\labkey\apps\postgresql\bin;D:\Program File\labkey\apps\postgresql\lib;D:\Program File\cmake-3.26.0-windows-x86_64\bin;D:\Program File\opencv\build\x64\mingw\bin;D:\Program File\opencv\build\include;D:\Program File\opencv\build\include\opencv2;
USERNAME=hsl2363
LANG=zh_CN.UTF-8
OS=Windows_NT
PROCESSOR_IDENTIFIER=Intel64 Family 6 Model 141 Stepping 1, GenuineIntel



---------------  S Y S T E M  ---------------

OS:
 Windows 10 , 64 bit Build 19041 (10.0.19041.2788)
OS uptime: 0 days 2:36 hours

CPU: total 16 (initial active 16) (8 cores per cpu, 2 threads per core) family 6 model 141 stepping 1 microcode 0x34, cx8, cmov, fxsr, ht, mmx, 3dnowpref, sse, sse2, sse3, ssse3, sse4.1, sse4.2, popcnt, lzcnt, tsc, tscinvbit, avx, avx2, aes, erms, clmul, bmi1, bmi2, adx, avx512f, avx512dq, avx512cd, avx512bw, avx512vl, sha, fma, vzeroupper, avx512_vpopcntdq, avx512_vpclmulqdq, avx512_vaes, avx512_vnni, clflush, clflushopt, clwb, avx512_vbmi2, avx512_vbmi

Memory: 4k page, system-wide physical 16106M (5014M free)
TotalPageFile size 16170M (AvailPageFile size 149M)
current process WorkingSet (physical memory assigned to process): 11M, peak: 11M
current process commit charge ("private bytes"): 70M, peak: 322M

vm_info: Java HotSpot(TM) 64-Bit Server VM (17.0.2+8-LTS-86) for windows-amd64 JRE (17.0.2+8-LTS-86), built on Dec  7 2021 21:51:03 by "mach5one" with MS VC++ 16.8 / 16.9 (VS2019)

END.
